This is pdfTeX, Version 3.141592653-2.6-1.40.27 (MiKTeX 25.4) (preloaded format=pdflatex 2025.9.30)  17 OCT 2025 16:02
entering extended mode
 restricted \write18 enabled.
 %&-line parsing enabled.
**./main.tex
(main.tex
LaTeX2e <2025-06-01> patch level 1
L3 programming layer <2025-09-02>
(C:\Users\peyto\AppData\Local\Programs\MiKTeX\tex/latex/base\article.cls
Document Class: article 2025/01/22 v1.4n Standard LaTeX document class
(C:\Users\peyto\AppData\Local\Programs\MiKTeX\tex/latex/base\size11.clo
File: size11.clo 2025/01/22 v1.4n Standard LaTeX file (size option)
)
\c@part=\count275
\c@section=\count276
\c@subsection=\count277
\c@subsubsection=\count278
\c@paragraph=\count279
\c@subparagraph=\count280
\c@figure=\count281
\c@table=\count282
\abovecaptionskip=\skip49
\belowcaptionskip=\skip50
\bibindent=\dimen148
)
(C:\Users\peyto\AppData\Local\Programs\MiKTeX\tex/latex/base\fontenc.sty
Package: fontenc 2024/12/21 v2.1c Standard LaTeX package
)
(C:\Users\peyto\AppData\Local\Programs\MiKTeX\tex/latex/base\inputenc.sty
Package: inputenc 2024/02/08 v1.3d Input encoding file
\inpenc@prehook=\toks17
\inpenc@posthook=\toks18
)
(C:\Users\peyto\AppData\Local\Programs\MiKTeX\tex/latex/lm\lmodern.sty
Package: lmodern 2015/05/01 v1.6.1 Latin Modern Fonts
LaTeX Font Info:    Overwriting symbol font `operators' in version `normal'
(Font)                  OT1/cmr/m/n --> OT1/lmr/m/n on input line 22.
LaTeX Font Info:    Overwriting symbol font `letters' in version `normal'
(Font)                  OML/cmm/m/it --> OML/lmm/m/it on input line 23.
LaTeX Font Info:    Overwriting symbol font `symbols' in version `normal'
(Font)                  OMS/cmsy/m/n --> OMS/lmsy/m/n on input line 24.
LaTeX Font Info:    Overwriting symbol font `largesymbols' in version `normal'
(Font)                  OMX/cmex/m/n --> OMX/lmex/m/n on input line 25.
LaTeX Font Info:    Overwriting symbol font `operators' in version `bold'
(Font)                  OT1/cmr/bx/n --> OT1/lmr/bx/n on input line 26.
LaTeX Font Info:    Overwriting symbol font `letters' in version `bold'
(Font)                  OML/cmm/b/it --> OML/lmm/b/it on input line 27.
LaTeX Font Info:    Overwriting symbol font `symbols' in version `bold'
(Font)                  OMS/cmsy/b/n --> OMS/lmsy/b/n on input line 28.
LaTeX Font Info:    Overwriting symbol font `largesymbols' in version `bold'
(Font)                  OMX/cmex/m/n --> OMX/lmex/m/n on input line 29.
LaTeX Font Info:    Overwriting math alphabet `\mathbf' in version `normal'
(Font)                  OT1/cmr/bx/n --> OT1/lmr/bx/n on input line 31.
LaTeX Font Info:    Overwriting math alphabet `\mathsf' in version `normal'
(Font)                  OT1/cmss/m/n --> OT1/lmss/m/n on input line 32.
LaTeX Font Info:    Overwriting math alphabet `\mathit' in version `normal'
(Font)                  OT1/cmr/m/it --> OT1/lmr/m/it on input line 33.
LaTeX Font Info:    Overwriting math alphabet `\mathtt' in version `normal'
(Font)                  OT1/cmtt/m/n --> OT1/lmtt/m/n on input line 34.
LaTeX Font Info:    Overwriting math alphabet `\mathbf' in version `bold'
(Font)                  OT1/cmr/bx/n --> OT1/lmr/bx/n on input line 35.
LaTeX Font Info:    Overwriting math alphabet `\mathsf' in version `bold'
(Font)                  OT1/cmss/bx/n --> OT1/lmss/bx/n on input line 36.
LaTeX Font Info:    Overwriting math alphabet `\mathit' in version `bold'
(Font)                  OT1/cmr/bx/it --> OT1/lmr/bx/it on input line 37.
LaTeX Font Info:    Overwriting math alphabet `\mathtt' in version `bold'
(Font)                  OT1/cmtt/m/n --> OT1/lmtt/m/n on input line 38.
)
(C:\Users\peyto\AppData\Local\Programs\MiKTeX\tex/latex/geometry\geometry.sty
Package: geometry 2020/01/02 v5.9 Page Geometry

(C:\Users\peyto\AppData\Local\Programs\MiKTeX\tex/latex/graphics\keyval.sty
Package: keyval 2022/05/29 v1.15 key=value parser (DPC)
\KV@toks@=\toks19
)
(C:\Users\peyto\AppData\Local\Programs\MiKTeX\tex/generic/iftex\ifvtex.sty
Package: ifvtex 2019/10/25 v1.7 ifvtex legacy package. Use iftex instead.

(C:\Users\peyto\AppData\Local\Programs\MiKTeX\tex/generic/iftex\iftex.sty
Package: iftex 2024/12/12 v1.0g TeX engine tests
))
\Gm@cnth=\count283
\Gm@cntv=\count284
\c@Gm@tempcnt=\count285
\Gm@bindingoffset=\dimen149
\Gm@wd@mp=\dimen150
\Gm@odd@mp=\dimen151
\Gm@even@mp=\dimen152
\Gm@layoutwidth=\dimen153
\Gm@layoutheight=\dimen154
\Gm@layouthoffset=\dimen155
\Gm@layoutvoffset=\dimen156
\Gm@dimlist=\toks20

(C:\Users\peyto\AppData\Local\Programs\MiKTeX\tex/latex/geometry\geometry.cfg))

(C:\Users\peyto\AppData\Local\Programs\MiKTeX\tex/latex/microtype\microtype.sty
Package: microtype 2025/07/09 v3.2b Micro-typographical refinements (RS)
(C:\Users\peyto\AppData\Local\Programs\MiKTeX\tex/latex/etoolbox\etoolbox.sty
Package: etoolbox 2025/02/11 v2.5l e-TeX tools for LaTeX (JAW)
\etb@tempcnta=\count286
)
\MT@toks=\toks21
\MT@tempbox=\box53
\MT@count=\count287
LaTeX Info: Redefining \noprotrusionifhmode on input line 1087.
LaTeX Info: Redefining \leftprotrusion on input line 1088.
\MT@prot@toks=\toks22
LaTeX Info: Redefining \rightprotrusion on input line 1107.
LaTeX Info: Redefining \textls on input line 1449.
\MT@outer@kern=\dimen157
LaTeX Info: Redefining \microtypecontext on input line 2053.
LaTeX Info: Redefining \textmicrotypecontext on input line 2070.
\MT@listname@count=\count288

(C:\Users\peyto\AppData\Local\Programs\MiKTeX\tex/latex/microtype\microtype-pdf
tex.def
File: microtype-pdftex.def 2025/07/09 v3.2b Definitions specific to pdftex (RS)

LaTeX Info: Redefining \lsstyle on input line 944.
LaTeX Info: Redefining \lslig on input line 944.
\MT@outer@space=\skip51
)
Package microtype Info: Loading configuration file microtype.cfg.

(C:\Users\peyto\AppData\Local\Programs\MiKTeX\tex/latex/microtype\microtype.cfg
File: microtype.cfg 2025/07/09 v3.2b microtype main configuration file (RS)
)
LaTeX Info: Redefining \microtypesetup on input line 3065.
)
(C:\Users\peyto\AppData\Local\Programs\MiKTeX\tex/latex/csquotes\csquotes.sty
Package: csquotes 2024-04-04 v5.2o context-sensitive quotations (JAW)
\csq@reset=\count289
\csq@gtype=\count290
\csq@glevel=\count291
\csq@qlevel=\count292
\csq@maxlvl=\count293
\csq@tshold=\count294
\csq@ltx@everypar=\toks23

(C:\Users\peyto\AppData\Local\Programs\MiKTeX\tex/latex/csquotes\csquotes.def
File: csquotes.def 2024-04-04 v5.2o csquotes generic definitions (JAW)
)
Package csquotes Info: Trying to load configuration file 'csquotes.cfg'...
Package csquotes Info: ... configuration file loaded successfully.

(C:\Users\peyto\AppData\Local\Programs\MiKTeX\tex/latex/csquotes\csquotes.cfg
File: csquotes.cfg 
)) (C:\Users\peyto\AppData\Local\Programs\MiKTeX\tex/latex/float\float.sty
Package: float 2001/11/08 v1.3d Float enhancements (AL)
\c@float@type=\count295
\float@exts=\toks24
\float@box=\box54
\@float@everytoks=\toks25
\@floatcapt=\box55
)
(C:\Users\peyto\AppData\Local\Programs\MiKTeX\tex/latex/placeins\placeins.sty
Package: placeins 2005/04/18  v 2.2
)
(C:\Users\peyto\AppData\Local\Programs\MiKTeX\tex/latex/caption\caption.sty
Package: caption 2023/08/05 v3.6o Customizing captions (AR)

(C:\Users\peyto\AppData\Local\Programs\MiKTeX\tex/latex/caption\caption3.sty
Package: caption3 2023/07/31 v2.4d caption3 kernel (AR)
\caption@tempdima=\dimen158
\captionmargin=\dimen159
\caption@leftmargin=\dimen160
\caption@rightmargin=\dimen161
\caption@width=\dimen162
\caption@indent=\dimen163
\caption@parindent=\dimen164
\caption@hangindent=\dimen165
Package caption Info: Standard document class detected.
)
\c@caption@flags=\count296
\c@continuedfloat=\count297
Package caption Info: float package is loaded.
)
(C:\Users\peyto\AppData\Local\Programs\MiKTeX\tex/latex/amsmath\amsmath.sty
Package: amsmath 2025/06/16 v2.17y AMS math features
\@mathmargin=\skip52

For additional information on amsmath, use the `?' option.
(C:\Users\peyto\AppData\Local\Programs\MiKTeX\tex/latex/amsmath\amstext.sty
Package: amstext 2024/11/17 v2.01 AMS text

(C:\Users\peyto\AppData\Local\Programs\MiKTeX\tex/latex/amsmath\amsgen.sty
File: amsgen.sty 1999/11/30 v2.0 generic functions
\@emptytoks=\toks26
\ex@=\dimen166
))
(C:\Users\peyto\AppData\Local\Programs\MiKTeX\tex/latex/amsmath\amsbsy.sty
Package: amsbsy 1999/11/29 v1.2d Bold Symbols
\pmbraise@=\dimen167
)
(C:\Users\peyto\AppData\Local\Programs\MiKTeX\tex/latex/amsmath\amsopn.sty
Package: amsopn 2022/04/08 v2.04 operator names
)
\inf@bad=\count298
LaTeX Info: Redefining \frac on input line 233.
\uproot@=\count299
\leftroot@=\count300
LaTeX Info: Redefining \overline on input line 398.
LaTeX Info: Redefining \colon on input line 409.
\classnum@=\count301
\DOTSCASE@=\count302
LaTeX Info: Redefining \ldots on input line 495.
LaTeX Info: Redefining \dots on input line 498.
LaTeX Info: Redefining \cdots on input line 619.
\Mathstrutbox@=\box56
\strutbox@=\box57
LaTeX Info: Redefining \big on input line 721.
LaTeX Info: Redefining \Big on input line 722.
LaTeX Info: Redefining \bigg on input line 723.
LaTeX Info: Redefining \Bigg on input line 724.
\big@size=\dimen168
LaTeX Font Info:    Redeclaring font encoding OML on input line 742.
LaTeX Font Info:    Redeclaring font encoding OMS on input line 743.
\macc@depth=\count303
LaTeX Info: Redefining \bmod on input line 904.
LaTeX Info: Redefining \pmod on input line 909.
LaTeX Info: Redefining \smash on input line 939.
LaTeX Info: Redefining \relbar on input line 969.
LaTeX Info: Redefining \Relbar on input line 970.
\c@MaxMatrixCols=\count304
\dotsspace@=\muskip17
\c@parentequation=\count305
\dspbrk@lvl=\count306
\tag@help=\toks27
\row@=\count307
\column@=\count308
\maxfields@=\count309
\andhelp@=\toks28
\eqnshift@=\dimen169
\alignsep@=\dimen170
\tagshift@=\dimen171
\tagwidth@=\dimen172
\totwidth@=\dimen173
\lineht@=\dimen174
\@envbody=\toks29
\multlinegap=\skip53
\multlinetaggap=\skip54
\mathdisplay@stack=\toks30
LaTeX Info: Redefining \[ on input line 2949.
LaTeX Info: Redefining \] on input line 2950.
)
(C:\Users\peyto\AppData\Local\Programs\MiKTeX\tex/latex/amsfonts\amssymb.sty
Package: amssymb 2013/01/14 v3.01 AMS font symbols

(C:\Users\peyto\AppData\Local\Programs\MiKTeX\tex/latex/amsfonts\amsfonts.sty
Package: amsfonts 2013/01/14 v3.01 Basic AMSFonts support
\symAMSa=\mathgroup4
\symAMSb=\mathgroup5
LaTeX Font Info:    Redeclaring math symbol \hbar on input line 98.
LaTeX Font Info:    Overwriting math alphabet `\mathfrak' in version `bold'
(Font)                  U/euf/m/n --> U/euf/b/n on input line 106.
)) (C:\Users\peyto\AppData\Local\Programs\MiKTeX\tex/latex/graphics\graphicx.st
y
Package: graphicx 2024/12/31 v1.2e Enhanced LaTeX Graphics (DPC,SPQR)

(C:\Users\peyto\AppData\Local\Programs\MiKTeX\tex/latex/graphics\graphics.sty
Package: graphics 2024/08/06 v1.4g Standard LaTeX Graphics (DPC,SPQR)

(C:\Users\peyto\AppData\Local\Programs\MiKTeX\tex/latex/graphics\trig.sty
Package: trig 2023/12/02 v1.11 sin cos tan (DPC)
)
(C:\Users\peyto\AppData\Local\Programs\MiKTeX\tex/latex/graphics-cfg\graphics.c
fg
File: graphics.cfg 2016/06/04 v1.11 sample graphics configuration
)
Package graphics Info: Driver file: pdftex.def on input line 106.

(C:\Users\peyto\AppData\Local\Programs\MiKTeX\tex/latex/graphics-def\pdftex.def
File: pdftex.def 2024/04/13 v1.2c Graphics/color driver for pdftex
))
\Gin@req@height=\dimen175
\Gin@req@width=\dimen176
)
(C:\Users\peyto\AppData\Local\Programs\MiKTeX\tex/latex/hyperref\hyperref.sty
Package: hyperref 2025-07-12 v7.01o Hypertext links for LaTeX

(C:\Users\peyto\AppData\Local\Programs\MiKTeX\tex/latex/kvsetkeys\kvsetkeys.sty
Package: kvsetkeys 2022-10-05 v1.19 Key value parser (HO)
)
(C:\Users\peyto\AppData\Local\Programs\MiKTeX\tex/generic/kvdefinekeys\kvdefine
keys.sty
Package: kvdefinekeys 2019-12-19 v1.6 Define keys (HO)
)
(C:\Users\peyto\AppData\Local\Programs\MiKTeX\tex/generic/pdfescape\pdfescape.s
ty
Package: pdfescape 2019/12/09 v1.15 Implements pdfTeX's escape features (HO)

(C:\Users\peyto\AppData\Local\Programs\MiKTeX\tex/generic/ltxcmds\ltxcmds.sty
Package: ltxcmds 2023-12-04 v1.26 LaTeX kernel commands for general use (HO)
)
(C:\Users\peyto\AppData\Local\Programs\MiKTeX\tex/generic/pdftexcmds\pdftexcmds
.sty
Package: pdftexcmds 2020-06-27 v0.33 Utility functions of pdfTeX for LuaTeX (HO
)

(C:\Users\peyto\AppData\Local\Programs\MiKTeX\tex/generic/infwarerr\infwarerr.s
ty
Package: infwarerr 2019/12/03 v1.5 Providing info/warning/error messages (HO)
)
Package pdftexcmds Info: \pdf@primitive is available.
Package pdftexcmds Info: \pdf@ifprimitive is available.
Package pdftexcmds Info: \pdfdraftmode found.
))
(C:\Users\peyto\AppData\Local\Programs\MiKTeX\tex/latex/hycolor\hycolor.sty
Package: hycolor 2020-01-27 v1.10 Color options for hyperref/bookmark (HO)
)
(C:\Users\peyto\AppData\Local\Programs\MiKTeX\tex/latex/hyperref\nameref.sty
Package: nameref 2025-06-21 v2.57 Cross-referencing by name of section

(C:\Users\peyto\AppData\Local\Programs\MiKTeX\tex/latex/refcount\refcount.sty
Package: refcount 2019/12/15 v3.6 Data extraction from label references (HO)
)
(C:\Users\peyto\AppData\Local\Programs\MiKTeX\tex/generic/gettitlestring\gettit
lestring.sty
Package: gettitlestring 2019/12/15 v1.6 Cleanup title references (HO)

(C:\Users\peyto\AppData\Local\Programs\MiKTeX\tex/latex/kvoptions\kvoptions.sty
Package: kvoptions 2022-06-15 v3.15 Key value format for package options (HO)
))
\c@section@level=\count310
)
(C:\Users\peyto\AppData\Local\Programs\MiKTeX\tex/generic/stringenc\stringenc.s
ty
Package: stringenc 2019/11/29 v1.12 Convert strings between diff. encodings (HO
)
)
\@linkdim=\dimen177
\Hy@linkcounter=\count311
\Hy@pagecounter=\count312
 (C:\Users\peyto\AppData\Local\Programs\MiKTeX\tex/latex/hyperref\pd1enc.def
File: pd1enc.def 2025-07-12 v7.01o Hyperref: PDFDocEncoding definition (HO)
Now handling font encoding PD1 ...
... no UTF-8 mapping file for font encoding PD1
) (C:\Users\peyto\AppData\Local\Programs\MiKTeX\tex/generic/intcalc\intcalc.sty
Package: intcalc 2019/12/15 v1.3 Expandable calculations with integers (HO)
)
\Hy@SavedSpaceFactor=\count313
 (C:\Users\peyto\AppData\Local\Programs\MiKTeX\tex/latex/hyperref\puenc.def
File: puenc.def 2025-07-12 v7.01o Hyperref: PDF Unicode definition (HO)
Now handling font encoding PU ...
... no UTF-8 mapping file for font encoding PU
)
Package hyperref Info: Hyper figures OFF on input line 4195.
Package hyperref Info: Link nesting OFF on input line 4200.
Package hyperref Info: Hyper index ON on input line 4203.
Package hyperref Info: Plain pages OFF on input line 4210.
Package hyperref Info: Backreferencing OFF on input line 4215.
Package hyperref Info: Implicit mode ON; LaTeX internals redefined.
Package hyperref Info: Bookmarks ON on input line 4462.
\c@Hy@tempcnt=\count314

(C:\Users\peyto\AppData\Local\Programs\MiKTeX\tex/latex/url\url.sty
\Urlmuskip=\muskip18
Package: url 2013/09/16  ver 3.4  Verb mode for urls, etc.
)
LaTeX Info: Redefining \url on input line 4801.
\XeTeXLinkMargin=\dimen178

(C:\Users\peyto\AppData\Local\Programs\MiKTeX\tex/generic/bitset\bitset.sty
Package: bitset 2019/12/09 v1.3 Handle bit-vector datatype (HO)

(C:\Users\peyto\AppData\Local\Programs\MiKTeX\tex/generic/bigintcalc\bigintcalc
.sty
Package: bigintcalc 2019/12/15 v1.5 Expandable calculations on big integers (HO
)
))
\Fld@menulength=\count315
\Field@Width=\dimen179
\Fld@charsize=\dimen180
Package hyperref Info: Hyper figures OFF on input line 6078.
Package hyperref Info: Link nesting OFF on input line 6083.
Package hyperref Info: Hyper index ON on input line 6086.
Package hyperref Info: backreferencing OFF on input line 6093.
Package hyperref Info: Link coloring OFF on input line 6098.
Package hyperref Info: Link coloring with OCG OFF on input line 6103.
Package hyperref Info: PDF/A mode OFF on input line 6108.
\Hy@abspage=\count316
\c@Item=\count317
\c@Hfootnote=\count318
)
Package hyperref Info: Driver (autodetected): hpdftex.

(C:\Users\peyto\AppData\Local\Programs\MiKTeX\tex/latex/hyperref\hpdftex.def
File: hpdftex.def 2025-07-12 v7.01o Hyperref driver for pdfTeX
\Fld@listcount=\count319
\c@bookmark@seq@number=\count320

(C:\Users\peyto\AppData\Local\Programs\MiKTeX\tex/latex/rerunfilecheck\rerunfil
echeck.sty
Package: rerunfilecheck 2025-06-21 v1.11 Rerun checks for auxiliary files (HO)

(C:\Users\peyto\AppData\Local\Programs\MiKTeX\tex/generic/uniquecounter\uniquec
ounter.sty
Package: uniquecounter 2019/12/15 v1.4 Provide unlimited unique counter (HO)
)
Package uniquecounter Info: New unique counter `rerunfilecheck' on input line 2
84.
)
\Hy@SectionHShift=\skip55
)
Package hyperref Info: Option `colorlinks' set `true' on input line 33.
Package csquotes Info: Checking for multilingual support...
Package csquotes Info: ... none found.
LaTeX Font Info:    Trying to load font information for T1+lmr on input line 40
.

(C:\Users\peyto\AppData\Local\Programs\MiKTeX\tex/latex/lm\t1lmr.fd
File: t1lmr.fd 2015/05/01 v1.6.1 Font defs for Latin Modern
)
(C:\Users\peyto\AppData\Local\Programs\MiKTeX\tex/latex/l3backend\l3backend-pdf
tex.def
File: l3backend-pdftex.def 2025-06-09 L3 backend support: PDF output (pdfTeX)
\l__color_backend_stack_int=\count321
) (main.aux)
\openout1 = `main.aux'.

LaTeX Font Info:    Checking defaults for OML/cmm/m/it on input line 40.
LaTeX Font Info:    ... okay on input line 40.
LaTeX Font Info:    Checking defaults for OMS/cmsy/m/n on input line 40.
LaTeX Font Info:    ... okay on input line 40.
LaTeX Font Info:    Checking defaults for OT1/cmr/m/n on input line 40.
LaTeX Font Info:    ... okay on input line 40.
LaTeX Font Info:    Checking defaults for T1/cmr/m/n on input line 40.
LaTeX Font Info:    ... okay on input line 40.
LaTeX Font Info:    Checking defaults for TS1/cmr/m/n on input line 40.
LaTeX Font Info:    ... okay on input line 40.
LaTeX Font Info:    Checking defaults for OMX/cmex/m/n on input line 40.
LaTeX Font Info:    ... okay on input line 40.
LaTeX Font Info:    Checking defaults for U/cmr/m/n on input line 40.
LaTeX Font Info:    ... okay on input line 40.
LaTeX Font Info:    Checking defaults for PD1/pdf/m/n on input line 40.
LaTeX Font Info:    ... okay on input line 40.
LaTeX Font Info:    Checking defaults for PU/pdf/m/n on input line 40.
LaTeX Font Info:    ... okay on input line 40.

*geometry* driver: auto-detecting
*geometry* detected driver: pdftex
*geometry* verbose mode - [ preamble ] result:
* driver: pdftex
* paper: <default>
* layout: <same size as paper>
* layoutoffset:(h,v)=(0.0pt,0.0pt)
* modes: 
* h-part:(L,W,R)=(72.26999pt, 469.75502pt, 72.26999pt)
* v-part:(T,H,B)=(72.26999pt, 650.43001pt, 72.26999pt)
* \paperwidth=614.295pt
* \paperheight=794.96999pt
* \textwidth=469.75502pt
* \textheight=650.43001pt
* \oddsidemargin=0.0pt
* \evensidemargin=0.0pt
* \topmargin=-37.0pt
* \headheight=12.0pt
* \headsep=25.0pt
* \topskip=11.0pt
* \footskip=30.0pt
* \marginparwidth=59.0pt
* \marginparsep=10.0pt
* \columnsep=10.0pt
* \skip\footins=10.0pt plus 4.0pt minus 2.0pt
* \hoffset=0.0pt
* \voffset=0.0pt
* \mag=1000
* \@twocolumnfalse
* \@twosidefalse
* \@mparswitchfalse
* \@reversemarginfalse
* (1in=72.27pt=25.4mm, 1cm=28.453pt)

LaTeX Info: Redefining \microtypecontext on input line 40.
Package microtype Info: Applying patch `item' on input line 40.
Package microtype Info: Applying patch `toc' on input line 40.
Package microtype Info: Applying patch `eqnum' on input line 40.
Package microtype Info: Applying patch `footnote' on input line 40.
Package microtype Info: Applying patch `verbatim' on input line 40.
LaTeX Info: Redefining \microtypesetup on input line 40.
Package microtype Info: Generating PDF output.
Package microtype Info: Character protrusion enabled (level 2).
Package microtype Info: Using default protrusion set `alltext'.
Package microtype Info: Automatic font expansion enabled (level 2),
(microtype)             stretch: 20, shrink: 20, step: 1, non-selected.
Package microtype Info: Using default expansion set `alltext-nott'.
Package microtype Info: Patching command `\showhyphens'.
Package microtype Info: No adjustment of tracking.
Package microtype Info: No adjustment of interword spacing.
Package microtype Info: No adjustment of character kerning.
(C:\Users\peyto\AppData\Local\Programs\MiKTeX\tex/latex/microtype\mt-cmr.cfg
File: mt-cmr.cfg 2013/05/19 v2.2 microtype config. file: Computer Modern Roman 
(RS)
)
Package caption Info: Begin \AtBeginDocument code.
Package caption Info: hyperref package is loaded.
Package caption Info: End \AtBeginDocument code.

(C:\Users\peyto\AppData\Local\Programs\MiKTeX\tex/context/base/mkii\supp-pdf.mk
ii
[Loading MPS to PDF converter (version 2006.09.02).]
\scratchcounter=\count322
\scratchdimen=\dimen181
\scratchbox=\box58
\nofMPsegments=\count323
\nofMParguments=\count324
\everyMPshowfont=\toks31
\MPscratchCnt=\count325
\MPscratchDim=\dimen182
\MPnumerator=\count326
\makeMPintoPDFobject=\count327
\everyMPtoPDFconversion=\toks32
)
(C:\Users\peyto\AppData\Local\Programs\MiKTeX\tex/latex/epstopdf-pkg\epstopdf-b
ase.sty
Package: epstopdf-base 2020-01-24 v2.11 Base part for package epstopdf
Package epstopdf-base Info: Redefining graphics rule for `.eps' on input line 4
85.

(C:\Users\peyto\AppData\Local\Programs\MiKTeX\tex/latex/00miktex\epstopdf-sys.c
fg
File: epstopdf-sys.cfg 2021/03/18 v2.0 Configuration of epstopdf for MiKTeX
)) (C:\Users\peyto\AppData\Local\Programs\MiKTeX\tex/latex/graphics\color.sty
Package: color 2025/01/14 v1.3e Standard LaTeX Color (DPC)
(C:\Users\peyto\AppData\Local\Programs\MiKTeX\tex/latex/graphics-cfg\color.cfg
File: color.cfg 2016/01/02 v1.6 sample color configuration
)
Package color Info: Driver file: pdftex.def on input line 149.
(C:\Users\peyto\AppData\Local\Programs\MiKTeX\tex/latex/graphics\mathcolor.ltx)
)
Package hyperref Info: Link coloring ON on input line 40.
 (main.out) (main.out)
\@outlinefile=\write3
\openout3 = `main.out'.

LaTeX Font Info:    Trying to load font information for OT1+lmr on input line 4
3.

(C:\Users\peyto\AppData\Local\Programs\MiKTeX\tex/latex/lm\ot1lmr.fd
File: ot1lmr.fd 2015/05/01 v1.6.1 Font defs for Latin Modern
)
LaTeX Font Info:    Trying to load font information for OML+lmm on input line 4
3.

(C:\Users\peyto\AppData\Local\Programs\MiKTeX\tex/latex/lm\omllmm.fd
File: omllmm.fd 2015/05/01 v1.6.1 Font defs for Latin Modern
)
LaTeX Font Info:    Trying to load font information for OMS+lmsy on input line 
43.

(C:\Users\peyto\AppData\Local\Programs\MiKTeX\tex/latex/lm\omslmsy.fd
File: omslmsy.fd 2015/05/01 v1.6.1 Font defs for Latin Modern
)
LaTeX Font Info:    Trying to load font information for OMX+lmex on input line 
43.

(C:\Users\peyto\AppData\Local\Programs\MiKTeX\tex/latex/lm\omxlmex.fd
File: omxlmex.fd 2015/05/01 v1.6.1 Font defs for Latin Modern
)
LaTeX Font Info:    External font `lmex10' loaded for size
(Font)              <12> on input line 43.
LaTeX Font Info:    External font `lmex10' loaded for size
(Font)              <8> on input line 43.
LaTeX Font Info:    External font `lmex10' loaded for size
(Font)              <6> on input line 43.
LaTeX Font Info:    Trying to load font information for U+msa on input line 43.


(C:\Users\peyto\AppData\Local\Programs\MiKTeX\tex/latex/amsfonts\umsa.fd
File: umsa.fd 2013/01/14 v3.01 AMS symbols A
)
(C:\Users\peyto\AppData\Local\Programs\MiKTeX\tex/latex/microtype\mt-msa.cfg
File: mt-msa.cfg 2006/02/04 v1.1 microtype config. file: AMS symbols (a) (RS)
)
LaTeX Font Info:    Trying to load font information for U+msb on input line 43.


(C:\Users\peyto\AppData\Local\Programs\MiKTeX\tex/latex/amsfonts\umsb.fd
File: umsb.fd 2013/01/14 v3.01 AMS symbols B
)
(C:\Users\peyto\AppData\Local\Programs\MiKTeX\tex/latex/microtype\mt-msb.cfg
File: mt-msb.cfg 2005/06/01 v1.0 microtype config. file: AMS symbols (b) (RS)
)
(main.toc
LaTeX Font Info:    External font `lmex10' loaded for size
(Font)              <10.95> on input line 2.


[1

{C:/Users/peyto/AppData/Local/MiKTeX/fonts/map/pdftex/pdftex.map}{C:/Users/peyt
o/AppData/Local/Programs/MiKTeX/fonts/enc/dvips/lm/lm-ec.enc}]
Overfull \hbox (9.03181pt too wide) in paragraph at lines 50--50
 [] [][][]\T1/lmr/bx/n/10.95 (-20) US5252102A: Elec-tronic Range of Mo-tion Ap-
pa-ra-tus for Or-tho-sis/Prosthesis/CPM[][] []  
 []



[2])
\tf@toc=\write4
\openout4 = `main.toc'.



[3]

[4]
<../images/US4509509.png, id=589, 598.3956pt x 217.0509pt>
File: ../images/US4509509.png Graphic file (type png)
<use ../images/US4509509.png>
Package pdftex.def Info: ../images/US4509509.png  used on input line 53.
(pdftex.def)             Requested size: 253.66455pt x 92.0086pt.
<../Kinematic Mechanism Images/4509509.png, id=590, 424.58624pt x 557.08125pt>
File: ../Kinematic Mechanism Images/4509509.png Graphic file (type png)
<use ../Kinematic Mechanism Images/4509509.png>
Package pdftex.def Info: ../Kinematic Mechanism Images/4509509.png  used on inp
ut line 61.
(pdftex.def)             Requested size: 253.66455pt x 332.82327pt.


[5 <../images/US4509509.png> <../Kinematic Mechanism Images/4509509.png>]
<../images/US4549534.png, id=599, 661.2705pt x 425.9112pt>
File: ../images/US4549534.png Graphic file (type png)
<use ../images/US4549534.png>
Package pdftex.def Info: ../images/US4549534.png  used on input line 89.
(pdftex.def)             Requested size: 253.66455pt x 163.37517pt.


[6{C:/Users/peyto/AppData/Local/Programs/MiKTeX/fonts/enc/dvips/lm/lm-mathit.en
c}{C:/Users/peyto/AppData/Local/Programs/MiKTeX/fonts/enc/dvips/lm/lm-rm.enc}{C
:/Users/peyto/AppData/Local/Programs/MiKTeX/fonts/enc/dvips/lm/lm-mathsy.enc}]
<../Kinematic Mechanism Images/4549534.png, id=608, 455.45157pt x 671.50874pt>
File: ../Kinematic Mechanism Images/4549534.png Graphic file (type png)
<use ../Kinematic Mechanism Images/4549534.png>
Package pdftex.def Info: ../Kinematic Mechanism Images/4549534.png  used on inp
ut line 97.
(pdftex.def)             Requested size: 253.66455pt x 374.00331pt.


[7 <../images/US4549534.png> <../Kinematic Mechanism Images/4549534.png>]
<../images/US4566440_1.png, id=617, 687.0468pt x 382.0674pt>
File: ../images/US4566440_1.png Graphic file (type png)
<use ../images/US4566440_1.png>
Package pdftex.def Info: ../images/US4566440_1.png  used on input line 125.
(pdftex.def)             Requested size: 253.66455pt x 141.06538pt.
<../Kinematic Mechanism Images/4566440.png, id=618, 457.71pt x 715.17188pt>
File: ../Kinematic Mechanism Images/4566440.png Graphic file (type png)
<use ../Kinematic Mechanism Images/4566440.png>
Package pdftex.def Info: ../Kinematic Mechanism Images/4566440.png  used on inp
ut line 133.
(pdftex.def)             Requested size: 253.66455pt x 396.34671pt.


[8 <../images/US4566440_1.png>]

[9 <../Kinematic Mechanism Images/4566440.png>]
<../images/US4974830_1.png, id=631, 346.4142pt x 189.1065pt>
File: ../images/US4974830_1.png Graphic file (type png)
<use ../images/US4974830_1.png>
Package pdftex.def Info: ../images/US4974830_1.png  used on input line 161.
(pdftex.def)             Requested size: 253.66455pt x 138.47653pt.
<../Kinematic Mechanism Images/4974830.png, id=632, 459.96844pt x 700.11563pt>
File: ../Kinematic Mechanism Images/4974830.png Graphic file (type png)
<use ../Kinematic Mechanism Images/4974830.png>
Package pdftex.def Info: ../Kinematic Mechanism Images/4974830.png  used on inp
ut line 169.
(pdftex.def)             Requested size: 253.66455pt x 386.11171pt.


[10 <../images/US4974830_1.png>]

[11 <../Kinematic Mechanism Images/4974830.png>]
<../images/US5333604_1.png, id=644, 432.4155pt x 299.1978pt>
File: ../images/US5333604_1.png Graphic file (type png)
<use ../images/US5333604_1.png>
Package pdftex.def Info: ../images/US5333604_1.png  used on input line 197.
(pdftex.def)             Requested size: 253.66455pt x 175.5162pt.
<../Kinematic Mechanism Images/5333604.png, id=645, 441.90094pt x 666.23906pt>
File: ../Kinematic Mechanism Images/5333604.png Graphic file (type png)
<use ../Kinematic Mechanism Images/5333604.png>
Package pdftex.def Info: ../Kinematic Mechanism Images/5333604.png  used on inp
ut line 205.
(pdftex.def)             Requested size: 253.66455pt x 382.44402pt.


[12 <../images/US5333604_1.png>]

[13 <../Kinematic Mechanism Images/5333604.png>]
<../images/US6267735B1_1.png, id=658, 563.706pt x 419.4069pt>
File: ../images/US6267735B1_1.png Graphic file (type png)
<use ../images/US6267735B1_1.png>
Package pdftex.def Info: ../images/US6267735B1_1.png  used on input line 233.
(pdftex.def)             Requested size: 253.66455pt x 188.72496pt.
<../Kinematic Mechanism Images/6267735.png, id=659, 479.54156pt x 759.58781pt>
File: ../Kinematic Mechanism Images/6267735.png Graphic file (type png)
<use ../Kinematic Mechanism Images/6267735.png>
Package pdftex.def Info: ../Kinematic Mechanism Images/6267735.png  used on inp
ut line 241.
(pdftex.def)             Requested size: 253.66455pt x 401.80307pt.


[14 <../images/US6267735B1_1.png>]

[15 <../Kinematic Mechanism Images/6267735.png>]
<../images/US6325770B1_1.png, id=671, 466.8642pt x 363.0363pt>
File: ../images/US6325770B1_1.png Graphic file (type png)
<use ../images/US6325770B1_1.png>
Package pdftex.def Info: ../images/US6325770B1_1.png  used on input line 269.
(pdftex.def)             Requested size: 253.66455pt x 197.24983pt.
<../Kinematic Mechanism Images/6325770.png, id=672, 457.71pt x 705.38531pt>
File: ../Kinematic Mechanism Images/6325770.png Graphic file (type png)
<use ../Kinematic Mechanism Images/6325770.png>
Package pdftex.def Info: ../Kinematic Mechanism Images/6325770.png  used on inp
ut line 277.
(pdftex.def)             Requested size: 253.66455pt x 390.92303pt.


[16 <../images/US6325770B1_1.png>]

[17 <../Kinematic Mechanism Images/6325770.png>]
<../images/US5252102_1.png, id=684, 666.3294pt x 452.892pt>
File: ../images/US5252102_1.png Graphic file (type png)
<use ../images/US5252102_1.png>
Package pdftex.def Info: ../images/US5252102_1.png  used on input line 305.
(pdftex.def)             Requested size: 253.66455pt x 172.41171pt.
<../Kinematic Mechanism Images/5252102.png, id=685, 365.86688pt x 500.62032pt>
File: ../Kinematic Mechanism Images/5252102.png Graphic file (type png)
<use ../Kinematic Mechanism Images/5252102.png>
Package pdftex.def Info: ../Kinematic Mechanism Images/5252102.png  used on inp
ut line 313.
(pdftex.def)             Requested size: 253.66455pt x 347.09366pt.


[18 <../images/US5252102_1.png>]

[19 <../Kinematic Mechanism Images/5252102.png>]
<../images/4492222A_1.png, id=698, 669.9429pt x 436.029pt>
File: ../images/4492222A_1.png Graphic file (type png)
<use ../images/4492222A_1.png>
Package pdftex.def Info: ../images/4492222A_1.png  used on input line 341.
(pdftex.def)             Requested size: 253.66455pt x 165.09393pt.
<../Kinematic Mechanism Images/4492222.png, id=699, 439.6425pt x 573.64313pt>
File: ../Kinematic Mechanism Images/4492222.png Graphic file (type png)
<use ../Kinematic Mechanism Images/4492222.png>
Package pdftex.def Info: ../Kinematic Mechanism Images/4492222.png  used on inp
ut line 349.
(pdftex.def)             Requested size: 253.66455pt x 330.98013pt.


[20 <../images/4492222A_1.png>]

[21 <../Kinematic Mechanism Images/4492222.png>]
<../images/10272291B2_1.png, id=711, 435.7881pt x 609.477pt>
File: ../images/10272291B2_1.png Graphic file (type png)
<use ../images/10272291B2_1.png>
Package pdftex.def Info: ../images/10272291B2_1.png  used on input line 377.
(pdftex.def)             Requested size: 253.66455pt x 354.76169pt.
<../Kinematic Mechanism Images/10272291.png, id=712, 429.85594pt x 575.14874pt>

File: ../Kinematic Mechanism Images/10272291.png Graphic file (type png)
<use ../Kinematic Mechanism Images/10272291.png>
Package pdftex.def Info: ../Kinematic Mechanism Images/10272291.png  used on in
put line 385.
(pdftex.def)             Requested size: 253.66455pt x 339.40503pt.


[22 <../images/10272291B2_1.png>]

[23 <../Kinematic Mechanism Images/10272291.png>]
<../images/US4603687_1.png, id=724, 675.2427pt x 478.9092pt>
File: ../images/US4603687_1.png Graphic file (type png)
<use ../images/US4603687_1.png>
Package pdftex.def Info: ../images/US4603687_1.png  used on input line 413.
(pdftex.def)             Requested size: 253.66455pt x 179.90472pt.
<../Kinematic Mechanism Images/4603687.png, id=725, 539.76656pt x 675.27281pt>
File: ../Kinematic Mechanism Images/4603687.png Graphic file (type png)
<use ../Kinematic Mechanism Images/4603687.png>
Package pdftex.def Info: ../Kinematic Mechanism Images/4603687.png  used on inp
ut line 421.
(pdftex.def)             Requested size: 253.66455pt x 317.34735pt.


[24 <../images/US4603687_1.png>]

[25 <../Kinematic Mechanism Images/4603687.png>]
<../images/US5239987-drawings-page-3.png, id=738, 680.3016pt x 411.2163pt>
File: ../images/US5239987-drawings-page-3.png Graphic file (type png)
<use ../images/US5239987-drawings-page-3.png>
Package pdftex.def Info: ../images/US5239987-drawings-page-3.png  used on input
 line 449.
(pdftex.def)             Requested size: 253.66455pt x 153.32727pt.
<../Kinematic Mechanism Images/5239987.png, id=739, 525.46312pt x 784.43062pt>
File: ../Kinematic Mechanism Images/5239987.png Graphic file (type png)
<use ../Kinematic Mechanism Images/5239987.png>
Package pdftex.def Info: ../Kinematic Mechanism Images/5239987.png  used on inp
ut line 457.
(pdftex.def)             Requested size: 253.66455pt x 378.67691pt.


[26 <../images/US5239987-drawings-page-3.png>]

[27 <../Kinematic Mechanism Images/5239987.png>]
<../images/US4546763-drawings-page-2.png, id=751, 395.5578pt x 601.0455pt>
File: ../images/US4546763-drawings-page-2.png Graphic file (type png)
<use ../images/US4546763-drawings-page-2.png>
Package pdftex.def Info: ../images/US4546763-drawings-page-2.png  used on input
 line 485.
(pdftex.def)             Requested size: 253.66455pt x 385.44736pt.


[28]
<../Kinematic Mechanism Images/4546763.png, id=756, 548.0475pt x 724.95844pt>
File: ../Kinematic Mechanism Images/4546763.png Graphic file (type png)
<use ../Kinematic Mechanism Images/4546763.png>
Package pdftex.def Info: ../Kinematic Mechanism Images/4546763.png  used on inp
ut line 493.
(pdftex.def)             Requested size: 253.66455pt x 335.55351pt.


[29 <../images/US4546763-drawings-page-2.png>]

[30 <../Kinematic Mechanism Images/4546763.png>]
<../images/US4637379A.png, id=768, 337.26pt x 371.3875pt>
File: ../images/US4637379A.png Graphic file (type png)
<use ../images/US4637379A.png>
Package pdftex.def Info: ../images/US4637379A.png  used on input line 521.
(pdftex.def)             Requested size: 253.66455pt x 279.33896pt.
<../Kinematic Mechanism Images/4637379.png, id=769, 387.69844pt x 508.90125pt>
File: ../Kinematic Mechanism Images/4637379.png Graphic file (type png)
<use ../Kinematic Mechanism Images/4637379.png>
Package pdftex.def Info: ../Kinematic Mechanism Images/4637379.png  used on inp
ut line 529.
(pdftex.def)             Requested size: 253.66455pt x 332.97168pt.


[31 <../images/US4637379A.png>]

[32 <../Kinematic Mechanism Images/4637379.png>]
<../images/US4665899A.png, id=783, 408.52625pt x 442.65375pt>
File: ../images/US4665899A.png Graphic file (type png)
<use ../images/US4665899A.png>
Package pdftex.def Info: ../images/US4665899A.png  used on input line 557.
(pdftex.def)             Requested size: 253.66455pt x 274.86124pt.
<../Kinematic Mechanism Images/4665899.png, id=784, 506.6428pt x 673.76718pt>
File: ../Kinematic Mechanism Images/4665899.png Graphic file (type png)
<use ../Kinematic Mechanism Images/4665899.png>
Package pdftex.def Info: ../Kinematic Mechanism Images/4665899.png  used on inp
ut line 565.
(pdftex.def)             Requested size: 253.66455pt x 337.33511pt.


[33 <../images/US4665899A.png>]

[34 <../Kinematic Mechanism Images/4665899.png>]
<../images/WO2011119902A1.png, id=797, 639.38875pt x 569.12625pt>
File: ../images/WO2011119902A1.png Graphic file (type png)
<use ../images/WO2011119902A1.png>
Package pdftex.def Info: ../images/WO2011119902A1.png  used on input line 593.
(pdftex.def)             Requested size: 253.66455pt x 225.78806pt.
<../Kinematic Mechanism Images/WO 2001_119902.png, id=798, 420.06938pt x 606.76
688pt>
File: ../Kinematic Mechanism Images/WO 2001_119902.png Graphic file (type png)
<use ../Kinematic Mechanism Images/WO 2001_119902.png>
Package pdftex.def Info: ../Kinematic Mechanism Images/WO 2001_119902.png  used
 on input line 601.
(pdftex.def)             Requested size: 253.66455pt x 366.40533pt.


[35 <../images/WO2011119902A1.png>]

[36 <../Kinematic Mechanism Images/WO 2001_119902.png>]

[37]
LaTeX Font Info:    External font `lmex10' loaded for size
(Font)              <10> on input line 629.
LaTeX Font Info:    External font `lmex10' loaded for size
(Font)              <7> on input line 629.
LaTeX Font Info:    External font `lmex10' loaded for size
(Font)              <5> on input line 629.


[38

] (main.aux)
 ***********
LaTeX2e <2025-06-01> patch level 1
L3 programming layer <2025-09-02>
 ***********
Package rerunfilecheck Info: File `main.out' has not changed.
(rerunfilecheck)             Checksum: FA79711A9587F17A812E258F227B449E;19221.
 ) 
Here is how much of TeX's memory you used:
 15232 strings out of 468130
 251318 string characters out of 5430633
 696902 words of memory out of 5000000
 43329 multiletter control sequences out of 15000+600000
 690528 words of font info for 157 fonts, out of 8000000 for 9000
 1141 hyphenation exceptions out of 8191
 75i,9n,79p,1003b,539s stack positions out of 10000i,1000n,20000p,200000b,200000s
<C:/Users/peyto/AppData/Local/Programs/MiKTeX/fonts/type1/public/lm/lmbx10.pf
b><C:/Users/peyto/AppData/Local/Programs/MiKTeX/fonts/type1/public/lm/lmbx12.pf
b><C:/Users/peyto/AppData/Local/Programs/MiKTeX/fonts/type1/public/lm/lmmi10.pf
b><C:/Users/peyto/AppData/Local/Programs/MiKTeX/fonts/type1/public/lm/lmr10.pfb
><C:/Users/peyto/AppData/Local/Programs/MiKTeX/fonts/type1/public/lm/lmr12.pfb>
<C:/Users/peyto/AppData/Local/Programs/MiKTeX/fonts/type1/public/lm/lmr17.pfb><
C:/Users/peyto/AppData/Local/Programs/MiKTeX/fonts/type1/public/lm/lmr7.pfb><C:
/Users/peyto/AppData/Local/Programs/MiKTeX/fonts/type1/public/lm/lmr8.pfb><C:/U
sers/peyto/AppData/Local/Programs/MiKTeX/fonts/type1/public/lm/lmri10.pfb><C:/U
sers/peyto/AppData/Local/Programs/MiKTeX/fonts/type1/public/lm/lmsy10.pfb>
Output written on main.pdf (38 pages, 2909694 bytes).
PDF statistics:
 929 PDF objects out of 1000 (max. 8388607)
 186 named destinations out of 1000 (max. 500000)
 33825 words of extra memory for PDF output out of 35830 (max. 10000000)

