\BOOKMARK [1][-]{section.1}{\376\377\000U\000S\0004\0005\0000\0009\0005\0000\0009\000A\000:\000\040\000A\000p\000p\000a\000r\000a\000t\000u\000s\000\040\000f\000o\000r\000\040\000T\000r\000e\000a\000t\000i\000n\000g\000\040\000t\000h\000e\000\040\000J\000o\000i\000n\000t\000s\000\040\000o\000f\000\040\000t\000h\000e\000\040\000H\000u\000m\000a\000n\000\040\000B\000o\000d\000y}{}% 1
\BOOKMARK [2][-]{subsection.1.1}{\376\377\000D\000e\000s\000c\000r\000i\000p\000t\000i\000o\000n}{section.1}% 2
\BOOKMARK [2][-]{subsection.1.2}{\376\377\000I\000m\000a\000g\000e\000s}{section.1}% 3
\BOOKMARK [2][-]{subsection.1.3}{\376\377\000M\000e\000c\000h\000a\000n\000i\000s\000m\000\040\000k\000i\000n\000e\000m\000a\000t\000i\000c\000s}{section.1}% 4
\BOOKMARK [2][-]{subsection.1.4}{\376\377\000D\000e\000g\000r\000e\000e\000s\000\040\000o\000f\000\040\000F\000r\000e\000e\000d\000o\000m}{section.1}% 5
\BOOKMARK [2][-]{subsection.1.5}{\376\377\000O\000b\000s\000e\000r\000v\000a\000t\000i\000o\000n\000s}{section.1}% 6
\BOOKMARK [2][-]{subsection.1.6}{\376\377\000O\000p\000p\000o\000r\000t\000u\000n\000i\000t\000i\000e\000s\000\040\000f\000o\000r\000\040\000I\000m\000p\000r\000o\000v\000e\000m\000e\000n\000t}{section.1}% 7
\BOOKMARK [1][-]{section.2}{\376\377\000U\000S\0004\0005\0004\0009\0005\0003\0004\000A\000:\000\040\000L\000e\000g\000\040\000E\000x\000e\000r\000c\000i\000s\000e\000\040\000D\000e\000v\000i\000c\000e}{}% 8
\BOOKMARK [2][-]{subsection.2.1}{\376\377\000D\000e\000s\000c\000r\000i\000p\000t\000i\000o\000n}{section.2}% 9
\BOOKMARK [2][-]{subsection.2.2}{\376\377\000I\000m\000a\000g\000e\000s}{section.2}% 10
\BOOKMARK [2][-]{subsection.2.3}{\376\377\000M\000e\000c\000h\000a\000n\000i\000s\000m\000\040\000k\000i\000n\000e\000m\000a\000t\000i\000c\000s}{section.2}% 11
\BOOKMARK [2][-]{subsection.2.4}{\376\377\000D\000e\000g\000r\000e\000e\000s\000\040\000o\000f\000\040\000F\000r\000e\000e\000d\000o\000m}{section.2}% 12
\BOOKMARK [2][-]{subsection.2.5}{\376\377\000O\000b\000s\000e\000r\000v\000a\000t\000i\000o\000n\000s}{section.2}% 13
\BOOKMARK [2][-]{subsection.2.6}{\376\377\000O\000p\000p\000o\000r\000t\000u\000n\000i\000t\000i\000e\000s\000\040\000f\000o\000r\000\040\000I\000m\000p\000r\000o\000v\000e\000m\000e\000n\000t}{section.2}% 14
\BOOKMARK [1][-]{section.3}{\376\377\000U\000S\0004\0005\0006\0006\0004\0004\0000\000A\000:\000\040\000O\000r\000t\000h\000o\000s\000i\000s\000\040\000f\000o\000r\000\040\000L\000e\000g\000\040\000M\000o\000v\000e\000m\000e\000n\000t\000\040\000w\000i\000t\000h\000\040\000V\000i\000r\000t\000u\000a\000l\000\040\000H\000i\000p\000\040\000P\000i\000v\000o\000t}{}% 15
\BOOKMARK [2][-]{subsection.3.1}{\376\377\000D\000e\000s\000c\000r\000i\000p\000t\000i\000o\000n}{section.3}% 16
\BOOKMARK [2][-]{subsection.3.2}{\376\377\000I\000m\000a\000g\000e\000s}{section.3}% 17
\BOOKMARK [2][-]{subsection.3.3}{\376\377\000M\000e\000c\000h\000a\000n\000i\000s\000m\000\040\000k\000i\000n\000e\000m\000a\000t\000i\000c\000s}{section.3}% 18
\BOOKMARK [2][-]{subsection.3.4}{\376\377\000D\000e\000g\000r\000e\000e\000s\000\040\000o\000f\000\040\000F\000r\000e\000e\000d\000o\000m}{section.3}% 19
\BOOKMARK [2][-]{subsection.3.5}{\376\377\000O\000b\000s\000e\000r\000v\000a\000t\000i\000o\000n\000s}{section.3}% 20
\BOOKMARK [2][-]{subsection.3.6}{\376\377\000O\000p\000p\000o\000r\000t\000u\000n\000i\000t\000i\000e\000s\000\040\000f\000o\000r\000\040\000I\000m\000p\000r\000o\000v\000e\000m\000e\000n\000t}{section.3}% 21
\BOOKMARK [1][-]{section.4}{\376\377\000U\000S\0004\0009\0007\0004\0008\0003\0000\000A\000:\000\040\000C\000o\000n\000t\000i\000n\000u\000o\000u\000s\000\040\000P\000a\000s\000s\000i\000v\000e\000\040\000M\000o\000t\000i\000o\000n\000\040\000D\000e\000v\000i\000c\000e}{}% 22
\BOOKMARK [2][-]{subsection.4.1}{\376\377\000D\000e\000s\000c\000r\000i\000p\000t\000i\000o\000n}{section.4}% 23
\BOOKMARK [2][-]{subsection.4.2}{\376\377\000I\000m\000a\000g\000e\000s}{section.4}% 24
\BOOKMARK [2][-]{subsection.4.3}{\376\377\000M\000e\000c\000h\000a\000n\000i\000s\000m\000\040\000k\000i\000n\000e\000m\000a\000t\000i\000c\000s}{section.4}% 25
\BOOKMARK [2][-]{subsection.4.4}{\376\377\000D\000e\000g\000r\000e\000e\000s\000\040\000o\000f\000\040\000F\000r\000e\000e\000d\000o\000m}{section.4}% 26
\BOOKMARK [2][-]{subsection.4.5}{\376\377\000O\000b\000s\000e\000r\000v\000a\000t\000i\000o\000n\000s}{section.4}% 27
\BOOKMARK [2][-]{subsection.4.6}{\376\377\000O\000p\000p\000o\000r\000t\000u\000n\000i\000t\000i\000e\000s\000\040\000f\000o\000r\000\040\000I\000m\000p\000r\000o\000v\000e\000m\000e\000n\000t}{section.4}% 28
\BOOKMARK [1][-]{section.5}{\376\377\000U\000S\0005\0003\0003\0003\0006\0000\0004\000A\000:\000\040\000P\000a\000t\000e\000l\000l\000a\000\040\000E\000x\000e\000r\000c\000i\000s\000i\000n\000g\000\040\000A\000p\000p\000a\000r\000a\000t\000u\000s}{}% 29
\BOOKMARK [2][-]{subsection.5.1}{\376\377\000D\000e\000s\000c\000r\000i\000p\000t\000i\000o\000n}{section.5}% 30
\BOOKMARK [2][-]{subsection.5.2}{\376\377\000I\000m\000a\000g\000e\000s}{section.5}% 31
\BOOKMARK [2][-]{subsection.5.3}{\376\377\000M\000e\000c\000h\000a\000n\000i\000s\000m\000\040\000k\000i\000n\000e\000m\000a\000t\000i\000c\000s}{section.5}% 32
\BOOKMARK [2][-]{subsection.5.4}{\376\377\000D\000e\000g\000r\000e\000e\000s\000\040\000o\000f\000\040\000F\000r\000e\000e\000d\000o\000m}{section.5}% 33
\BOOKMARK [2][-]{subsection.5.5}{\376\377\000O\000b\000s\000e\000r\000v\000a\000t\000i\000o\000n\000s}{section.5}% 34
\BOOKMARK [2][-]{subsection.5.6}{\376\377\000O\000p\000p\000o\000r\000t\000u\000n\000i\000t\000i\000e\000s\000\040\000f\000o\000r\000\040\000I\000m\000p\000r\000o\000v\000e\000m\000e\000n\000t}{section.5}% 35
\BOOKMARK [1][-]{section.6}{\376\377\000U\000S\0006\0002\0006\0007\0007\0003\0005\000B\0001\000:\000\040\000C\000o\000n\000t\000i\000n\000u\000o\000u\000s\000\040\000P\000a\000s\000s\000i\000v\000e\000\040\000M\000o\000t\000i\000o\000n\000\040\000D\000e\000v\000i\000c\000e\000\040\000H\000a\000v\000i\000n\000g\000\040\000a\000\040\000C\000o\000m\000f\000o\000r\000t\000\040\000Z\000o\000n\000e\000\040\000F\000e\000a\000t\000u\000r\000e}{}% 36
\BOOKMARK [2][-]{subsection.6.1}{\376\377\000D\000e\000s\000c\000r\000i\000p\000t\000i\000o\000n}{section.6}% 37
\BOOKMARK [2][-]{subsection.6.2}{\376\377\000I\000m\000a\000g\000e\000s}{section.6}% 38
\BOOKMARK [2][-]{subsection.6.3}{\376\377\000M\000e\000c\000h\000a\000n\000i\000s\000m\000\040\000k\000i\000n\000e\000m\000a\000t\000i\000c\000s}{section.6}% 39
\BOOKMARK [2][-]{subsection.6.4}{\376\377\000D\000e\000g\000r\000e\000e\000s\000\040\000o\000f\000\040\000F\000r\000e\000e\000d\000o\000m}{section.6}% 40
\BOOKMARK [2][-]{subsection.6.5}{\376\377\000O\000b\000s\000e\000r\000v\000a\000t\000i\000o\000n\000s}{section.6}% 41
\BOOKMARK [2][-]{subsection.6.6}{\376\377\000O\000p\000p\000o\000r\000t\000u\000n\000i\000t\000i\000e\000s\000\040\000f\000o\000r\000\040\000I\000m\000p\000r\000o\000v\000e\000m\000e\000n\000t}{section.6}% 42
\BOOKMARK [1][-]{section.7}{\376\377\000U\000S\0006\0003\0002\0005\0007\0007\0000\000B\0001\000:\000\040\000D\000e\000v\000i\000c\000e\000\040\000f\000o\000r\000\040\000P\000r\000o\000d\000u\000c\000i\000n\000g\000\040\000C\000o\000n\000t\000i\000n\000u\000o\000u\000s\000\040\000P\000a\000s\000s\000i\000v\000e\000\040\000M\000o\000t\000i\000o\000n}{}% 43
\BOOKMARK [2][-]{subsection.7.1}{\376\377\000D\000e\000s\000c\000r\000i\000p\000t\000i\000o\000n}{section.7}% 44
\BOOKMARK [2][-]{subsection.7.2}{\376\377\000I\000m\000a\000g\000e\000s}{section.7}% 45
\BOOKMARK [2][-]{subsection.7.3}{\376\377\000M\000e\000c\000h\000a\000n\000i\000s\000m\000\040\000k\000i\000n\000e\000m\000a\000t\000i\000c\000s}{section.7}% 46
\BOOKMARK [2][-]{subsection.7.4}{\376\377\000D\000e\000g\000r\000e\000e\000s\000\040\000o\000f\000\040\000F\000r\000e\000e\000d\000o\000m}{section.7}% 47
\BOOKMARK [2][-]{subsection.7.5}{\376\377\000O\000b\000s\000e\000r\000v\000a\000t\000i\000o\000n\000s}{section.7}% 48
\BOOKMARK [2][-]{subsection.7.6}{\376\377\000O\000p\000p\000o\000r\000t\000u\000n\000i\000t\000i\000e\000s\000\040\000f\000o\000r\000\040\000I\000m\000p\000r\000o\000v\000e\000m\000e\000n\000t}{section.7}% 49
\BOOKMARK [1][-]{section.8}{\376\377\000U\000S\0005\0002\0005\0002\0001\0000\0002\000A\000:\000\040\000E\000l\000e\000c\000t\000r\000o\000n\000i\000c\000\040\000R\000a\000n\000g\000e\000\040\000o\000f\000\040\000M\000o\000t\000i\000o\000n\000\040\000A\000p\000p\000a\000r\000a\000t\000u\000s\000\040\000f\000o\000r\000\040\000O\000r\000t\000h\000o\000s\000i\000s\000/\000P\000r\000o\000s\000t\000h\000e\000s\000i\000s\000/\000C\000P\000M}{}% 50
\BOOKMARK [2][-]{subsection.8.1}{\376\377\000D\000e\000s\000c\000r\000i\000p\000t\000i\000o\000n}{section.8}% 51
\BOOKMARK [2][-]{subsection.8.2}{\376\377\000I\000m\000a\000g\000e\000s}{section.8}% 52
\BOOKMARK [2][-]{subsection.8.3}{\376\377\000M\000e\000c\000h\000a\000n\000i\000s\000m\000\040\000k\000i\000n\000e\000m\000a\000t\000i\000c\000s}{section.8}% 53
\BOOKMARK [2][-]{subsection.8.4}{\376\377\000D\000e\000g\000r\000e\000e\000s\000\040\000o\000f\000\040\000F\000r\000e\000e\000d\000o\000m}{section.8}% 54
\BOOKMARK [2][-]{subsection.8.5}{\376\377\000O\000b\000s\000e\000r\000v\000a\000t\000i\000o\000n\000s}{section.8}% 55
\BOOKMARK [2][-]{subsection.8.6}{\376\377\000O\000p\000p\000o\000r\000t\000u\000n\000i\000t\000i\000e\000s\000\040\000f\000o\000r\000\040\000I\000m\000p\000r\000o\000v\000e\000m\000e\000n\000t}{section.8}% 56
\BOOKMARK [1][-]{section.9}{\376\377\000U\000S\0004\0004\0009\0002\0002\0002\0002\000A\000:\000\040\000K\000n\000e\000e\000\040\000E\000x\000e\000r\000c\000i\000s\000e\000\040\000M\000a\000c\000h\000i\000n\000e}{}% 57
\BOOKMARK [2][-]{subsection.9.1}{\376\377\000D\000e\000s\000c\000r\000i\000p\000t\000i\000o\000n}{section.9}% 58
\BOOKMARK [2][-]{subsection.9.2}{\376\377\000I\000m\000a\000g\000e\000s}{section.9}% 59
\BOOKMARK [2][-]{subsection.9.3}{\376\377\000M\000e\000c\000h\000a\000n\000i\000s\000m\000\040\000k\000i\000n\000e\000m\000a\000t\000i\000c\000s}{section.9}% 60
\BOOKMARK [2][-]{subsection.9.4}{\376\377\000D\000e\000g\000r\000e\000e\000s\000\040\000o\000f\000\040\000F\000r\000e\000e\000d\000o\000m}{section.9}% 61
\BOOKMARK [2][-]{subsection.9.5}{\376\377\000O\000b\000s\000e\000r\000v\000a\000t\000i\000o\000n\000s}{section.9}% 62
\BOOKMARK [2][-]{subsection.9.6}{\376\377\000O\000p\000p\000o\000r\000t\000u\000n\000i\000t\000i\000e\000s\000\040\000f\000o\000r\000\040\000I\000m\000p\000r\000o\000v\000e\000m\000e\000n\000t}{section.9}% 63
\BOOKMARK [1][-]{section.10}{\376\377\000U\000S\0001\0000\0002\0007\0002\0002\0009\0001\000B\0002\000:\000\040\000K\000n\000e\000e\000\040\000F\000l\000e\000x\000i\000o\000n\000\040\000a\000n\000d\000\040\000E\000x\000t\000e\000n\000s\000i\000o\000n\000\040\000T\000h\000e\000r\000a\000p\000y\000\040\000D\000e\000v\000i\000c\000e\000\040\000a\000n\000d\000\040\000M\000e\000t\000h\000o\000d\000\040\000o\000f\000\040\000U\000s\000e}{}% 64
\BOOKMARK [2][-]{subsection.10.1}{\376\377\000D\000e\000s\000c\000r\000i\000p\000t\000i\000o\000n}{section.10}% 65
\BOOKMARK [2][-]{subsection.10.2}{\376\377\000I\000m\000a\000g\000e\000s}{section.10}% 66
\BOOKMARK [2][-]{subsection.10.3}{\376\377\000M\000e\000c\000h\000a\000n\000i\000s\000m\000\040\000k\000i\000n\000e\000m\000a\000t\000i\000c\000s}{section.10}% 67
\BOOKMARK [2][-]{subsection.10.4}{\376\377\000D\000e\000g\000r\000e\000e\000s\000\040\000o\000f\000\040\000F\000r\000e\000e\000d\000o\000m}{section.10}% 68
\BOOKMARK [2][-]{subsection.10.5}{\376\377\000O\000b\000s\000e\000r\000v\000a\000t\000i\000o\000n\000s}{section.10}% 69
\BOOKMARK [2][-]{subsection.10.6}{\376\377\000O\000p\000p\000o\000r\000t\000u\000n\000i\000t\000i\000e\000s\000\040\000f\000o\000r\000\040\000I\000m\000p\000r\000o\000v\000e\000m\000e\000n\000t}{section.10}% 70
\BOOKMARK [1][-]{section.11}{\376\377\000U\000S\0004\0006\0000\0003\0006\0008\0007\000A\000:\000\040\000C\000o\000n\000t\000i\000n\000u\000o\000u\000s\000\040\000P\000a\000s\000s\000i\000v\000e\000\040\000M\000o\000t\000i\000o\000n\000\040\000O\000r\000t\000h\000o\000p\000e\000d\000i\000c\000\040\000D\000e\000v\000i\000c\000e}{}% 71
\BOOKMARK [2][-]{subsection.11.1}{\376\377\000D\000e\000s\000c\000r\000i\000p\000t\000i\000o\000n}{section.11}% 72
\BOOKMARK [2][-]{subsection.11.2}{\376\377\000I\000m\000a\000g\000e\000s}{section.11}% 73
\BOOKMARK [2][-]{subsection.11.3}{\376\377\000M\000e\000c\000h\000a\000n\000i\000s\000m\000\040\000k\000i\000n\000e\000m\000a\000t\000i\000c\000s}{section.11}% 74
\BOOKMARK [2][-]{subsection.11.4}{\376\377\000D\000e\000g\000r\000e\000e\000s\000\040\000o\000f\000\040\000F\000r\000e\000e\000d\000o\000m}{section.11}% 75
\BOOKMARK [2][-]{subsection.11.5}{\376\377\000O\000b\000s\000e\000r\000v\000a\000t\000i\000o\000n\000s}{section.11}% 76
\BOOKMARK [2][-]{subsection.11.6}{\376\377\000O\000p\000p\000o\000r\000t\000u\000n\000i\000t\000i\000e\000s\000\040\000f\000o\000r\000\040\000I\000m\000p\000r\000o\000v\000e\000m\000e\000n\000t}{section.11}% 77
\BOOKMARK [1][-]{section.12}{\376\377\000U\000S\0005\0002\0003\0009\0009\0008\0007\000A\000:\000\040\000A\000n\000a\000t\000o\000m\000i\000c\000a\000l\000l\000y\000\040\000C\000o\000r\000r\000e\000c\000t\000\040\000C\000o\000n\000t\000i\000n\000u\000o\000u\000s\000\040\000P\000a\000s\000s\000i\000v\000e\000\040\000M\000o\000t\000i\000o\000n\000\040\000D\000e\000v\000i\000c\000e\000\040\000f\000o\000r\000\040\000a\000\040\000L\000i\000m\000b}{}% 78
\BOOKMARK [2][-]{subsection.12.1}{\376\377\000D\000e\000s\000c\000r\000i\000p\000t\000i\000o\000n}{section.12}% 79
\BOOKMARK [2][-]{subsection.12.2}{\376\377\000I\000m\000a\000g\000e\000s}{section.12}% 80
\BOOKMARK [2][-]{subsection.12.3}{\376\377\000M\000e\000c\000h\000a\000n\000i\000s\000m\000\040\000k\000i\000n\000e\000m\000a\000t\000i\000c\000s}{section.12}% 81
\BOOKMARK [2][-]{subsection.12.4}{\376\377\000D\000e\000g\000r\000e\000e\000s\000\040\000o\000f\000\040\000F\000r\000e\000e\000d\000o\000m}{section.12}% 82
\BOOKMARK [2][-]{subsection.12.5}{\376\377\000O\000b\000s\000e\000r\000v\000a\000t\000i\000o\000n\000s}{section.12}% 83
\BOOKMARK [2][-]{subsection.12.6}{\376\377\000O\000p\000p\000o\000r\000t\000u\000n\000i\000t\000i\000e\000s\000\040\000f\000o\000r\000\040\000I\000m\000p\000r\000o\000v\000e\000m\000e\000n\000t}{section.12}% 84
\BOOKMARK [1][-]{section.13}{\376\377\000U\000S\0004\0005\0004\0006\0007\0006\0003\000A\000:\000\040\000C\000o\000n\000t\000i\000n\000u\000o\000u\000s\000\040\000P\000a\000s\000s\000i\000v\000e\000\040\000M\000o\000t\000i\000o\000n\000\040\000M\000e\000t\000h\000o\000d\000\040\000a\000n\000d\000\040\000A\000p\000p\000a\000r\000a\000t\000u\000s}{}% 85
\BOOKMARK [2][-]{subsection.13.1}{\376\377\000D\000e\000s\000c\000r\000i\000p\000t\000i\000o\000n}{section.13}% 86
\BOOKMARK [2][-]{subsection.13.2}{\376\377\000I\000m\000a\000g\000e\000s}{section.13}% 87
\BOOKMARK [2][-]{subsection.13.3}{\376\377\000M\000e\000c\000h\000a\000n\000i\000s\000m\000\040\000k\000i\000n\000e\000m\000a\000t\000i\000c\000s}{section.13}% 88
\BOOKMARK [2][-]{subsection.13.4}{\376\377\000D\000e\000g\000r\000e\000e\000s\000\040\000o\000f\000\040\000F\000r\000e\000e\000d\000o\000m}{section.13}% 89
\BOOKMARK [2][-]{subsection.13.5}{\376\377\000O\000b\000s\000e\000r\000v\000a\000t\000i\000o\000n\000s}{section.13}% 90
\BOOKMARK [2][-]{subsection.13.6}{\376\377\000O\000p\000p\000o\000r\000t\000u\000n\000i\000t\000i\000e\000s\000\040\000f\000o\000r\000\040\000I\000m\000p\000r\000o\000v\000e\000m\000e\000n\000t}{section.13}% 91
\BOOKMARK [1][-]{section.14}{\376\377\000U\000S\0004\0006\0003\0007\0003\0007\0009\000A\000:\000\040\000D\000e\000v\000i\000c\000e\000\040\000f\000o\000r\000\040\000I\000m\000p\000a\000r\000t\000i\000n\000g\000\040\000C\000o\000n\000t\000i\000n\000u\000o\000u\000s\000\040\000P\000a\000s\000s\000i\000v\000e\000\040\000M\000o\000t\000i\000o\000n\000\040\000t\000o\000\040\000L\000e\000g\000\040\000J\000o\000i\000n\000t\000s}{}% 92
\BOOKMARK [2][-]{subsection.14.1}{\376\377\000D\000e\000s\000c\000r\000i\000p\000t\000i\000o\000n}{section.14}% 93
\BOOKMARK [2][-]{subsection.14.2}{\376\377\000I\000m\000a\000g\000e\000s}{section.14}% 94
\BOOKMARK [2][-]{subsection.14.3}{\376\377\000M\000e\000c\000h\000a\000n\000i\000s\000m\000\040\000k\000i\000n\000e\000m\000a\000t\000i\000c\000s}{section.14}% 95
\BOOKMARK [2][-]{subsection.14.4}{\376\377\000D\000e\000g\000r\000e\000e\000s\000\040\000o\000f\000\040\000F\000r\000e\000e\000d\000o\000m}{section.14}% 96
\BOOKMARK [2][-]{subsection.14.5}{\376\377\000O\000b\000s\000e\000r\000v\000a\000t\000i\000o\000n\000s}{section.14}% 97
\BOOKMARK [2][-]{subsection.14.6}{\376\377\000O\000p\000p\000o\000r\000t\000u\000n\000i\000t\000i\000e\000s\000\040\000f\000o\000r\000\040\000I\000m\000p\000r\000o\000v\000e\000m\000e\000n\000t}{section.14}% 98
\BOOKMARK [1][-]{section.15}{\376\377\000U\000S\0004\0006\0006\0005\0008\0009\0009\000A\000:\000\040\000A\000p\000p\000a\000r\000a\000t\000u\000s\000\040\000f\000o\000r\000\040\000A\000r\000t\000i\000c\000u\000l\000a\000t\000i\000n\000g\000\040\000t\000h\000e\000\040\000K\000n\000e\000e\000\040\000a\000n\000d\000\040\000H\000i\000p\000\040\000J\000o\000i\000n\000t\000s}{}% 99
\BOOKMARK [2][-]{subsection.15.1}{\376\377\000D\000e\000s\000c\000r\000i\000p\000t\000i\000o\000n}{section.15}% 100
\BOOKMARK [2][-]{subsection.15.2}{\376\377\000I\000m\000a\000g\000e\000s}{section.15}% 101
\BOOKMARK [2][-]{subsection.15.3}{\376\377\000M\000e\000c\000h\000a\000n\000i\000s\000m\000\040\000k\000i\000n\000e\000m\000a\000t\000i\000c\000s}{section.15}% 102
\BOOKMARK [2][-]{subsection.15.4}{\376\377\000D\000e\000g\000r\000e\000e\000s\000\040\000o\000f\000\040\000F\000r\000e\000e\000d\000o\000m}{section.15}% 103
\BOOKMARK [2][-]{subsection.15.5}{\376\377\000O\000b\000s\000e\000r\000v\000a\000t\000i\000o\000n\000s}{section.15}% 104
\BOOKMARK [2][-]{subsection.15.6}{\376\377\000O\000p\000p\000o\000r\000t\000u\000n\000i\000t\000i\000e\000s\000\040\000f\000o\000r\000\040\000I\000m\000p\000r\000o\000v\000e\000m\000e\000n\000t}{section.15}% 105
\BOOKMARK [1][-]{section.16}{\376\377\000W\000O\0002\0000\0001\0001\0001\0001\0009\0009\0000\0002\000A\0001\000:\000\040\000C\000o\000n\000t\000i\000n\000u\000o\000u\000s\000\040\000P\000a\000s\000s\000i\000v\000e\000\040\000M\000o\000t\000i\000o\000n\000\040\000D\000e\000v\000i\000c\000e}{}% 106
\BOOKMARK [2][-]{subsection.16.1}{\376\377\000D\000e\000s\000c\000r\000i\000p\000t\000i\000o\000n}{section.16}% 107
\BOOKMARK [2][-]{subsection.16.2}{\376\377\000I\000m\000a\000g\000e\000s}{section.16}% 108
\BOOKMARK [2][-]{subsection.16.3}{\376\377\000M\000e\000c\000h\000a\000n\000i\000s\000m\000\040\000k\000i\000n\000e\000m\000a\000t\000i\000c\000s}{section.16}% 109
\BOOKMARK [2][-]{subsection.16.4}{\376\377\000D\000e\000g\000r\000e\000e\000s\000\040\000o\000f\000\040\000F\000r\000e\000e\000d\000o\000m}{section.16}% 110
\BOOKMARK [2][-]{subsection.16.5}{\376\377\000O\000b\000s\000e\000r\000v\000a\000t\000i\000o\000n\000s}{section.16}% 111
\BOOKMARK [2][-]{subsection.16.6}{\376\377\000O\000p\000p\000o\000r\000t\000u\000n\000i\000t\000i\000e\000s\000\040\000f\000o\000r\000\040\000I\000m\000p\000r\000o\000v\000e\000m\000e\000n\000t}{section.16}% 112
